<?xml version="1.0" encoding="UTF-8"?>
<dataset>

    <post id="1" title="Post title 1" body="Post body 1"/>
    <post id="2" title="Post title 2" body="Post body 2"/>

    <audit_trail entry_id="1" action="DELETE" model="tests\models\Post" model_id="3"/>

</dataset>